<?xml version="1.0" encoding="UTF-8"?>
<testsuite xmlns:xsi="http://www.w3.org/2001/XMLSchema-instance" xsi:noNamespaceSchemaLocation="https://maven.apache.org/surefire/maven-surefire-plugin/xsd/surefire-test-report.xsd" name="testcase.SignUpTest" time="6.248" tests="4" errors="0" skipped="0" failures="0">
  <properties>
[...]
</properties>
  <testcase name="testSignupSuccess" classname="testcase.SignUpTest" time="1.529"/>
  <testcase name="testVerifyRequired" classname="testcase.SignUpTest" time="0.943"/>
  <testcase name="testPasswordMismatch" classname="testcase.SignUpTest" time="0.836"/>
  <testcase name="testBusinessError" classname="testcase.SignUpTest" time="0.794"/>
</testsuite>